     Création de la bibliothèque \\servif-home\homes\cflorant\Mes documents\repos\INSA-UML-GL-Application-medicale\ApplicationMedical\Debug\UnitTest1.lib et de l'objet \\servif-home\homes\cflorant\Mes documents\repos\INSA-UML-GL-Application-medicale\ApplicationMedical\Debug\UnitTest1.exp
unittest1.obj : error LNK2019: symbole externe non résolu "public: __thiscall AttributString::AttributString(class std::basic_string<char,struct std::char_traits<char>,class std::allocator<char> >,class std::basic_string<char,struct std::char_traits<char>,class std::allocator<char> >)" (??0AttributString@@QAE@V?$basic_string@DU?$char_traits@D@std@@V?$allocator@D@2@@std@@0@Z) référencé dans la fonction "public: void __thiscall UnitTest1::UnitTest1::TestMethod1(void)" (?TestMethod1@UnitTest1@1@QAEXXZ)
unittest1.obj : error LNK2019: symbole externe non résolu "public: __thiscall Empreinte::Empreinte(int,class std::vector<class Attribut *,class std::allocator<class Attribut *> >)" (??0Empreinte@@QAE@HV?$vector@PAVAttribut@@V?$allocator@PAVAttribut@@@std@@@std@@@Z) référencé dans la fonction "public: void __thiscall UnitTest1::UnitTest1::TestMethod1(void)" (?TestMethod1@UnitTest1@1@QAEXXZ)
unittest1.obj : error LNK2019: symbole externe non résolu "public: __thiscall Empreinte::~Empreinte(void)" (??1Empreinte@@QAE@XZ) référencé dans la fonction "public: void __thiscall UnitTest1::UnitTest1::TestMethod1(void)" (?TestMethod1@UnitTest1@1@QAEXXZ)
unittest1.obj : error LNK2019: symbole externe non résolu "public: double __thiscall Empreinte::distance(class Empreinte)" (?distance@Empreinte@@QAENV1@@Z) référencé dans la fonction "public: void __thiscall UnitTest1::UnitTest1::TestMethod1(void)" (?TestMethod1@UnitTest1@1@QAEXXZ)
unittest1.obj : error LNK2019: symbole externe non résolu "public: __thiscall AttributDouble::AttributDouble(class std::basic_string<char,struct std::char_traits<char>,class std::allocator<char> >,double)" (??0AttributDouble@@QAE@V?$basic_string@DU?$char_traits@D@std@@V?$allocator@D@2@@std@@N@Z) référencé dans la fonction "public: void __thiscall UnitTest1::UnitTest1::TestMethod1(void)" (?TestMethod1@UnitTest1@1@QAEXXZ)
\\servif-home\homes\cflorant\Mes documents\repos\INSA-UML-GL-Application-medicale\ApplicationMedical\Debug\UnitTest1.dll : fatal error LNK1120: 5 externes non résolus
